<?xml version="1.0" encoding="UTF-8"?>
<robot generator="Robot 3.2.1 (Python 3.6.9 on linux)" generated="20200609 03:48:59.868" rpa="false">
<suite id="s1" name="testSite" source="/home/cndr/workspace/Robot/siteNinja/tests/testSite.robot">
<test id="s1-t1" name="Caso de Teste 01: Pesquisar produto existente">
<kw name="Abrir BROWSER" library="resource" type="setup">
<kw name="Open Browser" library="SeleniumLibrary">
<doc>Opens a new browser instance to the optional ``url``.</doc>
<arguments>
<arg>about:blank</arg>
<arg>${BROWSER}</arg>
</arguments>
<msg timestamp="20200609 03:49:00.102" level="INFO">Opening browser 'chrome' to base url 'about:blank'.</msg>
<status status="PASS" starttime="20200609 03:49:00.102" endtime="20200609 03:49:02.243"></status>
</kw>
<status status="PASS" starttime="20200609 03:49:00.100" endtime="20200609 03:49:02.244"></status>
</kw>
<kw name="Acessar a página home do site" library="resource">
<kw name="Go To" library="SeleniumLibrary">
<doc>Navigates the current browser window to the provided ``url``.</doc>
<arguments>
<arg>${URL}</arg>
</arguments>
<msg timestamp="20200609 03:49:02.251" level="INFO">Opening url 'http://tutorialsninja.com/demo/'</msg>
<status status="PASS" starttime="20200609 03:49:02.250" endtime="20200609 03:49:11.658"></status>
</kw>
<kw name="Title Should Be" library="SeleniumLibrary">
<doc>Verifies that the current page title equals ``title``.</doc>
<arguments>
<arg>Your Store</arg>
</arguments>
<msg timestamp="20200609 03:49:11.673" level="INFO">Page title is 'Your Store'.</msg>
<status status="PASS" starttime="20200609 03:49:11.659" endtime="20200609 03:49:11.673"></status>
</kw>
<status status="PASS" starttime="20200609 03:49:02.249" endtime="20200609 03:49:11.674"></status>
</kw>
<kw name="Digitar o nome &quot;Samsung Galaxy&quot; no campo de pesquisa" library="resource">
<kw name="Input Text" library="SeleniumLibrary">
<doc>Types the given ``text`` into the text field identified by ``locator``.</doc>
<arguments>
<arg>name=search</arg>
<arg>${PESQUISA_ITEM}</arg>
</arguments>
<msg timestamp="20200609 03:49:11.677" level="INFO">Typing text 'Samsung Galaxy' into text field 'name=search'.</msg>
<status status="PASS" starttime="20200609 03:49:11.676" endtime="20200609 03:49:11.933"></status>
</kw>
<status status="PASS" starttime="20200609 03:49:11.675" endtime="20200609 03:49:11.933"></status>
</kw>
<kw name="Clicar no botão pesquisar" library="resource">
<kw name="Click Element" library="SeleniumLibrary">
<doc>Click the element identified by ``locator``.</doc>
<arguments>
<arg>xpath=//*[@id="search"]/span/button</arg>
</arguments>
<msg timestamp="20200609 03:49:11.935" level="INFO">Clicking element 'xpath=//*[@id="search"]/span/button'.</msg>
<status status="PASS" starttime="20200609 03:49:11.934" endtime="20200609 03:49:13.153"></status>
</kw>
<status status="PASS" starttime="20200609 03:49:11.934" endtime="20200609 03:49:13.154"></status>
</kw>
<kw name="Conferir se o produto &quot;Samsung Galaxy Tab 10.1&quot; foi exibido" library="resource">
<kw name="Wait Until Element Is Visible" library="SeleniumLibrary">
<doc>Waits until the element ``locator`` is visible.</doc>
<arguments>
<arg>xpath=//*[@id="content"]/h1</arg>
</arguments>
<status status="PASS" starttime="20200609 03:49:13.155" endtime="20200609 03:49:13.192"></status>
</kw>
<kw name="Title Should Be" library="SeleniumLibrary">
<doc>Verifies that the current page title equals ``title``.</doc>
<arguments>
<arg>Search - Samsung Galaxy</arg>
</arguments>
<msg timestamp="20200609 03:49:13.199" level="INFO">Page title is 'Search - Samsung Galaxy'.</msg>
<status status="PASS" starttime="20200609 03:49:13.193" endtime="20200609 03:49:13.199"></status>
</kw>
<kw name="Page Should Contain Image" library="SeleniumLibrary">
<doc>Verifies image identified by ``locator`` is found from current page.</doc>
<arguments>
<arg>xpath=//img[@src="http://tutorialsninja.com/demo/image/cache/catalog/demo/samsung_tab_1-228x228.jpg"]</arg>
</arguments>
<msg timestamp="20200609 03:49:13.220" level="INFO">Current page contains image 'xpath=//img[@src="http://tutorialsninja.com/demo/image/cache/catalog/demo/samsung_tab_1-228x228.jpg"]'.</msg>
<status status="PASS" starttime="20200609 03:49:13.200" endtime="20200609 03:49:13.220"></status>
</kw>
<kw name="Page Should Contain Link" library="SeleniumLibrary">
<doc>Verifies link identified by ``locator`` is found from current page.</doc>
<arguments>
<arg>xpath=//a[text()=${PESQUISA_ITEM}]</arg>
</arguments>
<msg timestamp="20200609 03:49:13.241" level="INFO">Current page contains link 'xpath=//a[text()="Samsung Galaxy Tab 10.1"]'.</msg>
<status status="PASS" starttime="20200609 03:49:13.220" endtime="20200609 03:49:13.241"></status>
</kw>
<status status="PASS" starttime="20200609 03:49:13.154" endtime="20200609 03:49:13.241"></status>
</kw>
<kw name="Fechar BROWSER" library="resource" type="teardown">
<kw name="Close Browser" library="SeleniumLibrary">
<doc>Closes the current browser.</doc>
<status status="PASS" starttime="20200609 03:49:13.242" endtime="20200609 03:49:13.389"></status>
</kw>
<status status="PASS" starttime="20200609 03:49:13.242" endtime="20200609 03:49:13.389"></status>
</kw>
<status status="PASS" starttime="20200609 03:49:00.097" endtime="20200609 03:49:13.389" critical="yes"></status>
</test>
<test id="s1-t2" name="Caso de Teste 02: Pesquisar produto inexistente">
<kw name="Abrir BROWSER" library="resource" type="setup">
<kw name="Open Browser" library="SeleniumLibrary">
<doc>Opens a new browser instance to the optional ``url``.</doc>
<arguments>
<arg>about:blank</arg>
<arg>${BROWSER}</arg>
</arguments>
<msg timestamp="20200609 03:49:13.396" level="INFO">Opening browser 'chrome' to base url 'about:blank'.</msg>
<status status="PASS" starttime="20200609 03:49:13.394" endtime="20200609 03:49:15.527"></status>
</kw>
<status status="PASS" starttime="20200609 03:49:13.391" endtime="20200609 03:49:15.528"></status>
</kw>
<kw name="Acessar a página home do site" library="resource">
<kw name="Go To" library="SeleniumLibrary">
<doc>Navigates the current browser window to the provided ``url``.</doc>
<arguments>
<arg>${URL}</arg>
</arguments>
<msg timestamp="20200609 03:49:15.533" level="INFO">Opening url 'http://tutorialsninja.com/demo/'</msg>
<status status="PASS" starttime="20200609 03:49:15.533" endtime="20200609 03:49:21.312"></status>
</kw>
<kw name="Title Should Be" library="SeleniumLibrary">
<doc>Verifies that the current page title equals ``title``.</doc>
<arguments>
<arg>Your Store</arg>
</arguments>
<msg timestamp="20200609 03:49:21.322" level="INFO">Page title is 'Your Store'.</msg>
<status status="PASS" starttime="20200609 03:49:21.313" endtime="20200609 03:49:21.322"></status>
</kw>
<status status="PASS" starttime="20200609 03:49:15.532" endtime="20200609 03:49:21.323"></status>
</kw>
<kw name="Digitar o nome &quot;BlaBlaBla&quot; no campo de pesquisa" library="resource">
<kw name="Input Text" library="SeleniumLibrary">
<doc>Types the given ``text`` into the text field identified by ``locator``.</doc>
<arguments>
<arg>name=search</arg>
<arg>${PESQUISA_ITEM}</arg>
</arguments>
<msg timestamp="20200609 03:49:21.324" level="INFO">Typing text 'BlaBlaBla' into text field 'name=search'.</msg>
<status status="PASS" starttime="20200609 03:49:21.324" endtime="20200609 03:49:21.559"></status>
</kw>
<status status="PASS" starttime="20200609 03:49:21.323" endtime="20200609 03:49:21.559"></status>
</kw>
<kw name="Clicar no botão pesquisar" library="resource">
<kw name="Click Element" library="SeleniumLibrary">
<doc>Click the element identified by ``locator``.</doc>
<arguments>
<arg>xpath=//*[@id="search"]/span/button</arg>
</arguments>
<msg timestamp="20200609 03:49:21.561" level="INFO">Clicking element 'xpath=//*[@id="search"]/span/button'.</msg>
<status status="PASS" starttime="20200609 03:49:21.560" endtime="20200609 03:49:22.988"></status>
</kw>
<status status="PASS" starttime="20200609 03:49:21.560" endtime="20200609 03:49:22.988"></status>
</kw>
<kw name="Conferir se a mensagem de erro &quot;There is no product that matches the search criteria.&quot; foi exibida" library="resource">
<kw name="Wait Until Element Is Visible" library="SeleniumLibrary">
<doc>Waits until the element ``locator`` is visible.</doc>
<arguments>
<arg>xpath=//*[@id="content"]/p[2]</arg>
</arguments>
<status status="PASS" starttime="20200609 03:49:22.989" endtime="20200609 03:49:23.036"></status>
</kw>
<kw name="Element Text Should Be" library="SeleniumLibrary">
<doc>Verifies that element ``locator`` contains exact the text ``expected``.</doc>
<arguments>
<arg>xpath=//*[@id="content"]/p[2]</arg>
<arg>${MENSAGEM_ERRO}</arg>
</arguments>
<msg timestamp="20200609 03:49:23.037" level="INFO">Verifying element 'xpath=//*[@id="content"]/p[2]' contains exact text 'There is no product that matches the search criteria.'.</msg>
<status status="PASS" starttime="20200609 03:49:23.037" endtime="20200609 03:49:23.066"></status>
</kw>
<status status="PASS" starttime="20200609 03:49:22.989" endtime="20200609 03:49:23.067"></status>
</kw>
<kw name="Fechar BROWSER" library="resource" type="teardown">
<kw name="Close Browser" library="SeleniumLibrary">
<doc>Closes the current browser.</doc>
<status status="PASS" starttime="20200609 03:49:23.068" endtime="20200609 03:49:23.210"></status>
</kw>
<status status="PASS" starttime="20200609 03:49:23.067" endtime="20200609 03:49:23.210"></status>
</kw>
<status status="PASS" starttime="20200609 03:49:13.390" endtime="20200609 03:49:23.211" critical="yes"></status>
</test>
<status status="PASS" starttime="20200609 03:48:59.870" endtime="20200609 03:49:23.213"></status>
</suite>
<statistics>
<total>
<stat pass="2" fail="0">Critical Tests</stat>
<stat pass="2" fail="0">All Tests</stat>
</total>
<tag>
</tag>
<suite>
<stat pass="2" fail="0" id="s1" name="testSite">testSite</stat>
</suite>
</statistics>
<errors>
</errors>
</robot>
